<?xml version="1.0" encoding="UTF-8"?>
<!-- Generated by org.testng.reporters.JUnitReportReporter -->
<testsuite hostname="DESKTOP-BQM7C8D" failures="0" tests="1" name="Test.Framework.ValidateErrors" time="5.972" errors="0" timestamp="2024-06-27T16:53:56 IST" skipped="0">
  <testcase classname="Test.Framework.ValidateErrors" name="loginValidtionMessage" time="5.972"/>
  <system-out/>
</testsuite> <!-- Test.Framework.ValidateErrors -->
