<?xml version="1.0" encoding="UTF-8"?>
<!-- Generated by org.testng.reporters.JUnitReportReporter -->
<testsuite hostname="DESKTOP-BQM7C8D" failures="0" tests="1" name="Test.Framework.main" time="18.571" errors="0" timestamp="2024-06-27T16:46:29 IST" skipped="0">
  <testcase classname="Test.Framework.main" name="main" time="18.571"/>
  <system-out/>
</testsuite> <!-- Test.Framework.main -->
