<?xml version="1.0" encoding="UTF-8"?>
<!-- Generated by org.testng.reporters.JUnitReportReporter -->
<testsuite hostname="DESKTOP-BQM7C8D" failures="0" tests="3" name="Test.Framework.ProductPurchasedTest" time="42.936" errors="0" timestamp="2024-06-30T15:26:20 IST" skipped="0">
  <testcase classname="Test.Framework.ProductPurchasedTest" name="main" time="16.219"/>
  <system-out/>
  <testcase classname="Test.Framework.ProductPurchasedTest" name="main" time="18.835"/>
  <system-out/>
  <testcase classname="Test.Framework.ProductPurchasedTest" name="orderpageTest" time="7.882"/>
  <system-out/>
</testsuite> <!-- Test.Framework.ProductPurchasedTest -->
