<?xml version="1.0" encoding="UTF-8"?>
<!-- Generated by org.testng.reporters.JUnitReportReporter -->
<testsuite hostname="DESKTOP-BQM7C8D" failures="0" tests="1" name="cucumber.TestNGRunner" time="19.566" errors="0" timestamp="2024-07-12T14:44:39 IST" skipped="0">
  <testcase classname="cucumber.TestNGRunner" name="runScenario" time="19.566"/>
</testsuite> <!-- cucumber.TestNGRunner -->
