<?xml version="1.0" encoding="UTF-8"?>
<!-- Generated by org.testng.reporters.JUnitReportReporter -->
<testsuite hostname="DESKTOP-BQM7C8D" failures="0" tests="3" name="Test.Framework.ProductPurchasedTest" time="73.710" errors="0" timestamp="2024-07-13T16:55:52 IST" skipped="0">
  <testcase classname="Test.Framework.ProductPurchasedTest" name="main" time="29.677"/>
  <testcase classname="Test.Framework.ProductPurchasedTest" name="main" time="22.895"/>
  <testcase classname="Test.Framework.ProductPurchasedTest" name="orderpageTest" time="21.138"/>
</testsuite> <!-- Test.Framework.ProductPurchasedTest -->
