<?xml version="1.0" encoding="UTF-8"?>
<!-- Generated by org.testng.reporters.JUnitReportReporter -->
<testsuite hostname="DESKTOP-BQM7C8D" failures="0" tests="1" name="cucumber.TestNGRunner" time="25.038" errors="0" timestamp="2024-07-12T15:00:14 IST" skipped="0">
  <testcase classname="cucumber.TestNGRunner" name="runScenario" time="25.038"/>
</testsuite> <!-- cucumber.TestNGRunner -->
