<?xml version="1.0" encoding="UTF-8"?>
<!-- Generated by org.testng.reporters.JUnitReportReporter -->
<testsuite hostname="DESKTOP-BQM7C8D" failures="0" tests="2" name="Test.Framework.ValidateErrorsTest" time="46.757" errors="0" timestamp="2024-07-13T16:55:52 IST" skipped="0">
  <testcase classname="Test.Framework.ValidateErrorsTest" name="productnotfoundinCart" time="25.431"/>
  <testcase classname="Test.Framework.ValidateErrorsTest" name="loginValidtionMessage" time="21.326"/>
</testsuite> <!-- Test.Framework.ValidateErrorsTest -->
